[2026-03-20T06:47:26.653383+00:00] installer.INFO: Matched route "{route}". {"route":"installer_home","route_parameters":{"_controller":"OrangeHRM\\Installer\\Controller\\HomeController::handle","_route":"installer_home"},"request_uri":"http://localhost/orangehrm/orangehrm/installer/index.php/","method":"GET"} []
[2026-03-20T06:47:26.669029+00:00] installer.INFO: Matched route "{route}". {"route":"installer_welcome","route_parameters":{"_controller":"OrangeHRM\\Installer\\Controller\\WelcomeController::handle","_route":"installer_welcome"},"request_uri":"http://localhost/orangehrm/orangehrm/installer/index.php/welcome","method":"GET"} []
[2026-03-20T06:47:38.842431+00:00] installer.INFO: Matched route "{route}". {"route":"installer_licence_acceptance","route_parameters":{"_controller":"OrangeHRM\\Installer\\Controller\\Installer\\LicenceAcceptanceController::handle","_route":"installer_licence_acceptance"},"request_uri":"http://localhost/orangehrm/orangehrm/installer/index.php/installer/licence-acceptance","method":"GET"} []
[2026-03-20T06:47:43.682447+00:00] installer.INFO: Matched route "{route}". {"route":"installer_database_config","route_parameters":{"_controller":"OrangeHRM\\Installer\\Controller\\Installer\\DatabaseConfigController::handle","_route":"installer_database_config"},"request_uri":"http://localhost/orangehrm/orangehrm/installer/index.php/installer/database-config","method":"GET"} []
[2026-03-20T06:47:43.838161+00:00] installer.INFO: Matched route "{route}". {"route":"api_installer_database_config","route_parameters":{"_controller":"OrangeHRM\\Installer\\Controller\\Installer\\Api\\DatabaseConfigAPI::handle","_route":"api_installer_database_config"},"request_uri":"http://localhost/orangehrm/orangehrm/installer/index.php/installer/api/database-config","method":"GET"} []
[2026-03-20T06:49:04.540429+00:00] installer.INFO: Matched route "{route}". {"route":"api_installer_database_config","route_parameters":{"_controller":"OrangeHRM\\Installer\\Controller\\Installer\\Api\\DatabaseConfigAPI::handle","_route":"api_installer_database_config"},"request_uri":"http://localhost/orangehrm/orangehrm/installer/index.php/installer/api/database-config","method":"POST"} []
[2026-03-20T06:49:15.567432+00:00] installer.INFO: Matched route "{route}". {"route":"api_installer_database_config","route_parameters":{"_controller":"OrangeHRM\\Installer\\Controller\\Installer\\Api\\DatabaseConfigAPI::handle","_route":"api_installer_database_config"},"request_uri":"http://localhost/orangehrm/orangehrm/installer/index.php/installer/api/database-config","method":"POST"} []
[2026-03-20T06:49:15.600995+00:00] installer.INFO: Matched route "{route}". {"route":"installer_system_check","route_parameters":{"_controller":"OrangeHRM\\Installer\\Controller\\Installer\\SystemCheckController::handle","_route":"installer_system_check"},"request_uri":"http://localhost/orangehrm/orangehrm/installer/index.php/installer/system-check","method":"GET"} []
[2026-03-20T06:49:15.812967+00:00] installer.INFO: Matched route "{route}". {"route":"api_installer_system_check","route_parameters":{"_controller":"OrangeHRM\\Installer\\Controller\\Installer\\Api\\SystemCheckAPI::handle","_route":"api_installer_system_check"},"request_uri":"http://localhost/orangehrm/orangehrm/installer/index.php/installer/api/system-check","method":"GET"} []
[2026-03-20T06:49:17.955108+00:00] installer.INFO: Matched route "{route}". {"route":"installer_instance_creation","route_parameters":{"_controller":"OrangeHRM\\Installer\\Controller\\Installer\\InstanceCreationController::handle","_route":"installer_instance_creation"},"request_uri":"http://localhost/orangehrm/orangehrm/installer/index.php/installer/instance-creation","method":"GET"} []
[2026-03-20T06:49:18.147721+00:00] installer.INFO: Matched route "{route}". {"route":"api_installer_countries","route_parameters":{"_controller":"OrangeHRM\\Installer\\Controller\\Installer\\Api\\CountryAPI::handle","_route":"api_installer_countries"},"request_uri":"http://localhost/orangehrm/orangehrm/installer/index.php/installer/api/countries","method":"GET"} []
[2026-03-20T06:49:18.195004+00:00] installer.INFO: Matched route "{route}". {"route":"api_installer_languages","route_parameters":{"_controller":"OrangeHRM\\Installer\\Controller\\Installer\\Api\\LanguageAPI::handle","_route":"api_installer_languages"},"request_uri":"http://localhost/orangehrm/orangehrm/installer/index.php/installer/api/languages","method":"GET"} []
[2026-03-20T06:49:18.243866+00:00] installer.INFO: Matched route "{route}". {"route":"api_installer_timezones","route_parameters":{"_controller":"OrangeHRM\\Installer\\Controller\\Installer\\Api\\TimezoneAPI::handle","_route":"api_installer_timezones"},"request_uri":"http://localhost/orangehrm/orangehrm/installer/index.php/installer/api/timezones","method":"GET"} []
[2026-03-20T06:49:18.270160+00:00] installer.INFO: Matched route "{route}". {"route":"api_installer_instance","route_parameters":{"_controller":"OrangeHRM\\Installer\\Controller\\Installer\\Api\\InstanceAPI::handle","_route":"api_installer_instance"},"request_uri":"http://localhost/orangehrm/orangehrm/installer/index.php/installer/api/instance","method":"GET"} []
[2026-03-20T06:50:25.211454+00:00] installer.INFO: Matched route "{route}". {"route":"installer_instance_creation","route_parameters":{"_controller":"OrangeHRM\\Installer\\Controller\\Installer\\InstanceCreationController::handle","_route":"installer_instance_creation"},"request_uri":"http://localhost/orangehrm/orangehrm/installer/index.php/installer/instance-creation","method":"GET"} []
[2026-03-20T06:50:25.528516+00:00] installer.INFO: Matched route "{route}". {"route":"api_installer_countries","route_parameters":{"_controller":"OrangeHRM\\Installer\\Controller\\Installer\\Api\\CountryAPI::handle","_route":"api_installer_countries"},"request_uri":"http://localhost/orangehrm/orangehrm/installer/index.php/installer/api/countries","method":"GET"} []
[2026-03-20T06:50:25.626392+00:00] installer.INFO: Matched route "{route}". {"route":"api_installer_languages","route_parameters":{"_controller":"OrangeHRM\\Installer\\Controller\\Installer\\Api\\LanguageAPI::handle","_route":"api_installer_languages"},"request_uri":"http://localhost/orangehrm/orangehrm/installer/index.php/installer/api/languages","method":"GET"} []
[2026-03-20T06:50:25.710995+00:00] installer.INFO: Matched route "{route}". {"route":"api_installer_timezones","route_parameters":{"_controller":"OrangeHRM\\Installer\\Controller\\Installer\\Api\\TimezoneAPI::handle","_route":"api_installer_timezones"},"request_uri":"http://localhost/orangehrm/orangehrm/installer/index.php/installer/api/timezones","method":"GET"} []
[2026-03-20T06:50:25.751282+00:00] installer.INFO: Matched route "{route}". {"route":"api_installer_instance","route_parameters":{"_controller":"OrangeHRM\\Installer\\Controller\\Installer\\Api\\InstanceAPI::handle","_route":"api_installer_instance"},"request_uri":"http://localhost/orangehrm/orangehrm/installer/index.php/installer/api/instance","method":"GET"} []
[2026-03-20T06:51:01.449675+00:00] installer.INFO: Matched route "{route}". {"route":"api_installer_instance","route_parameters":{"_controller":"OrangeHRM\\Installer\\Controller\\Installer\\Api\\InstanceAPI::handle","_route":"api_installer_instance"},"request_uri":"http://localhost/orangehrm/orangehrm/installer/index.php/installer/api/instance","method":"POST"} []
[2026-03-20T06:51:01.474801+00:00] installer.INFO: Matched route "{route}". {"route":"installer_admin_user_creation","route_parameters":{"_controller":"OrangeHRM\\Installer\\Controller\\Installer\\AdminUserCreationController::handle","_route":"installer_admin_user_creation"},"request_uri":"http://localhost/orangehrm/orangehrm/installer/index.php/installer/admin-user-creation","method":"GET"} []
[2026-03-20T06:51:01.765649+00:00] installer.INFO: Matched route "{route}". {"route":"api_installer_admin_user","route_parameters":{"_controller":"OrangeHRM\\Installer\\Controller\\Installer\\Api\\AdminUserAPI::handle","_route":"api_installer_admin_user"},"request_uri":"http://localhost/orangehrm/orangehrm/installer/index.php/installer/api/admin-user","method":"GET"} []
[2026-03-20T06:51:35.855608+00:00] installer.INFO: Matched route "{route}". {"route":"api_installer_admin_user","route_parameters":{"_controller":"OrangeHRM\\Installer\\Controller\\Installer\\Api\\AdminUserAPI::handle","_route":"api_installer_admin_user"},"request_uri":"http://localhost/orangehrm/orangehrm/installer/index.php/installer/api/admin-user","method":"POST"} []
[2026-03-20T06:51:35.885860+00:00] installer.INFO: Matched route "{route}". {"route":"installer_confirmation","route_parameters":{"_controller":"OrangeHRM\\Installer\\Controller\\Installer\\ConfirmationController::handle","_route":"installer_confirmation"},"request_uri":"http://localhost/orangehrm/orangehrm/installer/index.php/installer/confirmation","method":"GET"} []
[2026-03-20T06:51:36.105543+00:00] installer.INFO: Matched route "{route}". {"route":"api_installer_database_config","route_parameters":{"_controller":"OrangeHRM\\Installer\\Controller\\Installer\\Api\\DatabaseConfigAPI::handle","_route":"api_installer_database_config"},"request_uri":"http://localhost/orangehrm/orangehrm/installer/index.php/installer/api/database-config","method":"GET"} []
[2026-03-20T06:51:36.307302+00:00] installer.INFO: Matched route "{route}". {"route":"api_installer_admin_user","route_parameters":{"_controller":"OrangeHRM\\Installer\\Controller\\Installer\\Api\\AdminUserAPI::handle","_route":"api_installer_admin_user"},"request_uri":"http://localhost/orangehrm/orangehrm/installer/index.php/installer/api/admin-user","method":"GET"} []
[2026-03-20T06:51:40.950266+00:00] installer.INFO: Matched route "{route}". {"route":"installer_process","route_parameters":{"_controller":"OrangeHRM\\Installer\\Controller\\Installer\\InstallerController::handle","_route":"installer_process"},"request_uri":"http://localhost/orangehrm/orangehrm/installer/index.php/installer/process","method":"GET"} []
[2026-03-20T06:51:41.139069+00:00] installer.INFO: Matched route "{route}". {"route":"api_installer_start_registration","route_parameters":{"_controller":"OrangeHRM\\Installer\\Controller\\Installer\\Api\\InstallerDataRegistrationAPI::handle","_route":"api_installer_start_registration"},"request_uri":"http://localhost/orangehrm/orangehrm/installer/index.php/installer/api/send-data/installer-start","method":"POST"} []
[2026-03-20T06:51:42.262699+00:00] installer.INFO: Matched route "{route}". {"route":"api_installer_database","route_parameters":{"_controller":"OrangeHRM\\Installer\\Controller\\Installer\\Api\\InstallationDatabaseAPI::handle","_route":"api_installer_database"},"request_uri":"http://localhost/orangehrm/orangehrm/installer/index.php/installer/api/installation/database","method":"POST"} []
[2026-03-20T06:51:42.275227+00:00] installer.INFO: Matched route "{route}". {"route":"api_installer_pre_migration_check","route_parameters":{"_controller":"OrangeHRM\\Installer\\Controller\\Installer\\Api\\PreMigrationCheck::handle","_route":"api_installer_pre_migration_check"},"request_uri":"http://localhost/orangehrm/orangehrm/installer/index.php/installer/api/installation/pre-migration","method":"POST"} []
[2026-03-20T06:51:42.277501+00:00] installer.INFO: Instance details: {"os":{"os":"Linux","release_name":"5.15.0-173-generic","version_info":"#183-Ubuntu SMP Fri Mar 6 13:29:34 UTC 2026"},"php":{"version":"8.4.18"},"mysql":{"client_version":"mysqlnd 8.4.18","server_version":"10.6.23-MariaDB-0ubuntu0.22.04.1","conn_type":"Localhost via UNIX socket"},"server":"Apache\/2.4.52 (Ubuntu)","ohrm":{"version":"5.8"}} [] []
[2026-03-20T06:51:44.787777+00:00] installer.INFO: Matched route "{route}". {"route":"api_installer_versions","route_parameters":{"_controller":"OrangeHRM\\Installer\\Controller\\Installer\\Api\\VersionAPI::handle","_route":"api_installer_versions"},"request_uri":"http://localhost/orangehrm/orangehrm/installer/index.php/installer/api/versions?excludeLatest=false","method":"GET"} []
[2026-03-20T06:51:44.801215+00:00] installer.INFO: Matched route "{route}". {"route":"api_installer_migration","route_parameters":{"_controller":"OrangeHRM\\Installer\\Controller\\Installer\\Api\\MigrationAPI::handle","_route":"api_installer_migration"},"request_uri":"http://localhost/orangehrm/orangehrm/installer/index.php/installer/api/installation/migration","method":"POST"} []
[2026-03-20T06:51:44.802027+00:00] installer.INFO: {"version":"3.3.3"} [] []
[2026-03-20T06:51:44.802265+00:00] installer.INFO: Migration running started: for v3.3.3 [] []
[2026-03-20T06:51:44.804405+00:00] installer.INFO: Instance details: {"os":{"os":"Linux","release_name":"5.15.0-173-generic","version_info":"#183-Ubuntu SMP Fri Mar 6 13:29:34 UTC 2026"},"php":{"version":"8.4.18"},"mysql":{"client_version":"mysqlnd 8.4.18","server_version":"10.6.23-MariaDB-0ubuntu0.22.04.1","conn_type":"Localhost via UNIX socket"},"server":"Apache\/2.4.52 (Ubuntu)","ohrm":{"version":"5.8"}} [] []
[2026-03-20T06:51:44.928096+00:00] installer.INFO: set_time_limit: success [] []
[2026-03-20T06:51:44.928163+00:00] installer.INFO: Migration running class: OrangeHRM\Installer\Migration\V3_3_3\Migration [] []
[2026-03-20T06:53:00.008410+00:00] installer.INFO: Migration running finished: for v3.3.3 [] []
[2026-03-20T06:53:00.016807+00:00] installer.INFO: Matched route "{route}". {"route":"api_installer_migration","route_parameters":{"_controller":"OrangeHRM\\Installer\\Controller\\Installer\\Api\\MigrationAPI::handle","_route":"api_installer_migration"},"request_uri":"http://localhost/orangehrm/orangehrm/installer/index.php/installer/api/installation/migration","method":"POST"} []
[2026-03-20T06:53:00.017214+00:00] installer.INFO: {"version":"4.0"} [] []
[2026-03-20T06:53:00.017276+00:00] installer.INFO: Migration running started: for v4.0 [] []
[2026-03-20T06:53:00.019209+00:00] installer.INFO: Instance details: {"os":{"os":"Linux","release_name":"5.15.0-173-generic","version_info":"#183-Ubuntu SMP Fri Mar 6 13:29:34 UTC 2026"},"php":{"version":"8.4.18"},"mysql":{"client_version":"mysqlnd 8.4.18","server_version":"10.6.23-MariaDB-0ubuntu0.22.04.1","conn_type":"Localhost via UNIX socket"},"server":"Apache\/2.4.52 (Ubuntu)","ohrm":{"version":"5.8"}} [] []
[2026-03-20T06:53:00.191602+00:00] installer.INFO: set_time_limit: success [] []
[2026-03-20T06:53:00.191665+00:00] installer.INFO: Migration running class: OrangeHRM\Installer\Migration\V4_0\Migration [] []
[2026-03-20T06:53:00.345937+00:00] installer.INFO: Migration running finished: for v4.0 [] []
[2026-03-20T06:53:00.353318+00:00] installer.INFO: Matched route "{route}". {"route":"api_installer_migration","route_parameters":{"_controller":"OrangeHRM\\Installer\\Controller\\Installer\\Api\\MigrationAPI::handle","_route":"api_installer_migration"},"request_uri":"http://localhost/orangehrm/orangehrm/installer/index.php/installer/api/installation/migration","method":"POST"} []
[2026-03-20T06:53:00.353677+00:00] installer.INFO: {"version":"4.1"} [] []
[2026-03-20T06:53:00.353740+00:00] installer.INFO: Migration running started: for v4.1 [] []
[2026-03-20T06:53:00.354627+00:00] installer.INFO: Instance details: {"os":{"os":"Linux","release_name":"5.15.0-173-generic","version_info":"#183-Ubuntu SMP Fri Mar 6 13:29:34 UTC 2026"},"php":{"version":"8.4.18"},"mysql":{"client_version":"mysqlnd 8.4.18","server_version":"10.6.23-MariaDB-0ubuntu0.22.04.1","conn_type":"Localhost via UNIX socket"},"server":"Apache\/2.4.52 (Ubuntu)","ohrm":{"version":"5.8"}} [] []
[2026-03-20T06:53:00.362569+00:00] installer.INFO: set_time_limit: success [] []
[2026-03-20T06:53:00.362627+00:00] installer.INFO: Migration running class: OrangeHRM\Installer\Migration\V4_1\Migration [] []
[2026-03-20T06:53:00.811105+00:00] installer.INFO: Migration running finished: for v4.1 [] []
[2026-03-20T06:53:00.818317+00:00] installer.INFO: Matched route "{route}". {"route":"api_installer_migration","route_parameters":{"_controller":"OrangeHRM\\Installer\\Controller\\Installer\\Api\\MigrationAPI::handle","_route":"api_installer_migration"},"request_uri":"http://localhost/orangehrm/orangehrm/installer/index.php/installer/api/installation/migration","method":"POST"} []
[2026-03-20T06:53:00.818789+00:00] installer.INFO: {"version":"4.1.1"} [] []
[2026-03-20T06:53:00.818854+00:00] installer.INFO: Migration running started: for v4.1.1 [] []
[2026-03-20T06:53:00.820098+00:00] installer.INFO: Instance details: {"os":{"os":"Linux","release_name":"5.15.0-173-generic","version_info":"#183-Ubuntu SMP Fri Mar 6 13:29:34 UTC 2026"},"php":{"version":"8.4.18"},"mysql":{"client_version":"mysqlnd 8.4.18","server_version":"10.6.23-MariaDB-0ubuntu0.22.04.1","conn_type":"Localhost via UNIX socket"},"server":"Apache\/2.4.52 (Ubuntu)","ohrm":{"version":"5.8"}} [] []
[2026-03-20T06:53:00.827668+00:00] installer.INFO: set_time_limit: success [] []
[2026-03-20T06:53:00.827721+00:00] installer.INFO: Migration running class: OrangeHRM\Installer\Migration\V4_1_1\Migration [] []
[2026-03-20T06:53:02.397696+00:00] installer.INFO: Migration running finished: for v4.1.1 [] []
[2026-03-20T06:53:02.406374+00:00] installer.INFO: Matched route "{route}". {"route":"api_installer_migration","route_parameters":{"_controller":"OrangeHRM\\Installer\\Controller\\Installer\\Api\\MigrationAPI::handle","_route":"api_installer_migration"},"request_uri":"http://localhost/orangehrm/orangehrm/installer/index.php/installer/api/installation/migration","method":"POST"} []
[2026-03-20T06:53:02.406653+00:00] installer.INFO: {"version":"4.1.2"} [] []
[2026-03-20T06:53:02.406809+00:00] installer.INFO: Migration running started: for v4.1.2 [] []
[2026-03-20T06:53:02.407694+00:00] installer.INFO: Instance details: {"os":{"os":"Linux","release_name":"5.15.0-173-generic","version_info":"#183-Ubuntu SMP Fri Mar 6 13:29:34 UTC 2026"},"php":{"version":"8.4.18"},"mysql":{"client_version":"mysqlnd 8.4.18","server_version":"10.6.23-MariaDB-0ubuntu0.22.04.1","conn_type":"Localhost via UNIX socket"},"server":"Apache\/2.4.52 (Ubuntu)","ohrm":{"version":"5.8"}} [] []
[2026-03-20T06:53:02.414294+00:00] installer.INFO: set_time_limit: success [] []
[2026-03-20T06:53:02.414353+00:00] installer.INFO: Migration running class: OrangeHRM\Installer\Migration\V4_1_2\Migration [] []
[2026-03-20T06:53:02.447510+00:00] installer.INFO: Migration running finished: for v4.1.2 [] []
[2026-03-20T06:53:02.456534+00:00] installer.INFO: Matched route "{route}". {"route":"api_installer_migration","route_parameters":{"_controller":"OrangeHRM\\Installer\\Controller\\Installer\\Api\\MigrationAPI::handle","_route":"api_installer_migration"},"request_uri":"http://localhost/orangehrm/orangehrm/installer/index.php/installer/api/installation/migration","method":"POST"} []
[2026-03-20T06:53:02.456804+00:00] installer.INFO: {"version":"4.1.2.1"} [] []
[2026-03-20T06:53:02.456848+00:00] installer.INFO: Migration running started: for v4.1.2.1 [] []
[2026-03-20T06:53:02.457726+00:00] installer.INFO: Instance details: {"os":{"os":"Linux","release_name":"5.15.0-173-generic","version_info":"#183-Ubuntu SMP Fri Mar 6 13:29:34 UTC 2026"},"php":{"version":"8.4.18"},"mysql":{"client_version":"mysqlnd 8.4.18","server_version":"10.6.23-MariaDB-0ubuntu0.22.04.1","conn_type":"Localhost via UNIX socket"},"server":"Apache\/2.4.52 (Ubuntu)","ohrm":{"version":"5.8"}} [] []
[2026-03-20T06:53:02.464153+00:00] installer.INFO: set_time_limit: success [] []
[2026-03-20T06:53:02.464211+00:00] installer.INFO: Migration running class: OrangeHRM\Installer\Migration\V4_1_2_1\Migration [] []
[2026-03-20T06:53:02.489095+00:00] installer.INFO: Migration running finished: for v4.1.2.1 [] []
[2026-03-20T06:53:02.495511+00:00] installer.INFO: Matched route "{route}". {"route":"api_installer_migration","route_parameters":{"_controller":"OrangeHRM\\Installer\\Controller\\Installer\\Api\\MigrationAPI::handle","_route":"api_installer_migration"},"request_uri":"http://localhost/orangehrm/orangehrm/installer/index.php/installer/api/installation/migration","method":"POST"} []
[2026-03-20T06:53:02.495786+00:00] installer.INFO: {"version":"4.2"} [] []
[2026-03-20T06:53:02.495833+00:00] installer.INFO: Migration running started: for v4.2 [] []
[2026-03-20T06:53:02.496802+00:00] installer.INFO: Instance details: {"os":{"os":"Linux","release_name":"5.15.0-173-generic","version_info":"#183-Ubuntu SMP Fri Mar 6 13:29:34 UTC 2026"},"php":{"version":"8.4.18"},"mysql":{"client_version":"mysqlnd 8.4.18","server_version":"10.6.23-MariaDB-0ubuntu0.22.04.1","conn_type":"Localhost via UNIX socket"},"server":"Apache\/2.4.52 (Ubuntu)","ohrm":{"version":"5.8"}} [] []
[2026-03-20T06:53:02.505709+00:00] installer.INFO: set_time_limit: success [] []
[2026-03-20T06:53:02.505770+00:00] installer.INFO: Migration running class: OrangeHRM\Installer\Migration\V4_2\Migration [] []
[2026-03-20T06:53:02.945849+00:00] installer.INFO: Migration running finished: for v4.2 [] []
[2026-03-20T06:53:02.953159+00:00] installer.INFO: Matched route "{route}". {"route":"api_installer_migration","route_parameters":{"_controller":"OrangeHRM\\Installer\\Controller\\Installer\\Api\\MigrationAPI::handle","_route":"api_installer_migration"},"request_uri":"http://localhost/orangehrm/orangehrm/installer/index.php/installer/api/installation/migration","method":"POST"} []
[2026-03-20T06:53:02.953536+00:00] installer.INFO: {"version":"4.2.0.1"} [] []
[2026-03-20T06:53:02.953596+00:00] installer.INFO: Migration running started: for v4.2.0.1 [] []
[2026-03-20T06:53:02.954381+00:00] installer.INFO: Instance details: {"os":{"os":"Linux","release_name":"5.15.0-173-generic","version_info":"#183-Ubuntu SMP Fri Mar 6 13:29:34 UTC 2026"},"php":{"version":"8.4.18"},"mysql":{"client_version":"mysqlnd 8.4.18","server_version":"10.6.23-MariaDB-0ubuntu0.22.04.1","conn_type":"Localhost via UNIX socket"},"server":"Apache\/2.4.52 (Ubuntu)","ohrm":{"version":"5.8"}} [] []
[2026-03-20T06:53:02.962502+00:00] installer.INFO: set_time_limit: success [] []
[2026-03-20T06:53:02.962560+00:00] installer.INFO: Migration running class: OrangeHRM\Installer\Migration\V4_2_0_1\Migration [] []
[2026-03-20T06:53:02.987462+00:00] installer.INFO: Migration running finished: for v4.2.0.1 [] []
[2026-03-20T06:53:02.996860+00:00] installer.INFO: Matched route "{route}". {"route":"api_installer_migration","route_parameters":{"_controller":"OrangeHRM\\Installer\\Controller\\Installer\\Api\\MigrationAPI::handle","_route":"api_installer_migration"},"request_uri":"http://localhost/orangehrm/orangehrm/installer/index.php/installer/api/installation/migration","method":"POST"} []
[2026-03-20T06:53:02.997165+00:00] installer.INFO: {"version":"4.3"} [] []
[2026-03-20T06:53:02.997212+00:00] installer.INFO: Migration running started: for v4.3 [] []
[2026-03-20T06:53:02.998381+00:00] installer.INFO: Instance details: {"os":{"os":"Linux","release_name":"5.15.0-173-generic","version_info":"#183-Ubuntu SMP Fri Mar 6 13:29:34 UTC 2026"},"php":{"version":"8.4.18"},"mysql":{"client_version":"mysqlnd 8.4.18","server_version":"10.6.23-MariaDB-0ubuntu0.22.04.1","conn_type":"Localhost via UNIX socket"},"server":"Apache\/2.4.52 (Ubuntu)","ohrm":{"version":"5.8"}} [] []
[2026-03-20T06:53:03.012357+00:00] installer.INFO: set_time_limit: success [] []
[2026-03-20T06:53:03.012415+00:00] installer.INFO: Migration running class: OrangeHRM\Installer\Migration\V4_3\Migration [] []
[2026-03-20T06:53:03.303131+00:00] installer.INFO: Migration running finished: for v4.3 [] []
[2026-03-20T06:53:03.311078+00:00] installer.INFO: Matched route "{route}". {"route":"api_installer_migration","route_parameters":{"_controller":"OrangeHRM\\Installer\\Controller\\Installer\\Api\\MigrationAPI::handle","_route":"api_installer_migration"},"request_uri":"http://localhost/orangehrm/orangehrm/installer/index.php/installer/api/installation/migration","method":"POST"} []
[2026-03-20T06:53:03.311442+00:00] installer.INFO: {"version":"4.3.1"} [] []
[2026-03-20T06:53:03.311500+00:00] installer.INFO: Migration running started: for v4.3.1 [] []
[2026-03-20T06:53:03.312711+00:00] installer.INFO: Instance details: {"os":{"os":"Linux","release_name":"5.15.0-173-generic","version_info":"#183-Ubuntu SMP Fri Mar 6 13:29:34 UTC 2026"},"php":{"version":"8.4.18"},"mysql":{"client_version":"mysqlnd 8.4.18","server_version":"10.6.23-MariaDB-0ubuntu0.22.04.1","conn_type":"Localhost via UNIX socket"},"server":"Apache\/2.4.52 (Ubuntu)","ohrm":{"version":"5.8"}} [] []
[2026-03-20T06:53:03.319720+00:00] installer.INFO: set_time_limit: success [] []
[2026-03-20T06:53:03.319779+00:00] installer.INFO: Migration running class: OrangeHRM\Installer\Migration\V4_3_1\Migration [] []
[2026-03-20T06:53:03.444304+00:00] installer.INFO: Migration running finished: for v4.3.1 [] []
[2026-03-20T06:53:03.452594+00:00] installer.INFO: Matched route "{route}". {"route":"api_installer_migration","route_parameters":{"_controller":"OrangeHRM\\Installer\\Controller\\Installer\\Api\\MigrationAPI::handle","_route":"api_installer_migration"},"request_uri":"http://localhost/orangehrm/orangehrm/installer/index.php/installer/api/installation/migration","method":"POST"} []
[2026-03-20T06:53:03.452888+00:00] installer.INFO: {"version":"4.3.2"} [] []
[2026-03-20T06:53:03.452937+00:00] installer.INFO: Migration running started: for v4.3.2 [] []
[2026-03-20T06:53:03.453746+00:00] installer.INFO: Instance details: {"os":{"os":"Linux","release_name":"5.15.0-173-generic","version_info":"#183-Ubuntu SMP Fri Mar 6 13:29:34 UTC 2026"},"php":{"version":"8.4.18"},"mysql":{"client_version":"mysqlnd 8.4.18","server_version":"10.6.23-MariaDB-0ubuntu0.22.04.1","conn_type":"Localhost via UNIX socket"},"server":"Apache\/2.4.52 (Ubuntu)","ohrm":{"version":"5.8"}} [] []
[2026-03-20T06:53:03.460912+00:00] installer.INFO: set_time_limit: success [] []
[2026-03-20T06:53:03.460971+00:00] installer.INFO: Migration running class: OrangeHRM\Installer\Migration\V4_3_2\Migration [] []
[2026-03-20T06:53:03.934421+00:00] installer.INFO: Migration running finished: for v4.3.2 [] []
[2026-03-20T06:53:03.941437+00:00] installer.INFO: Matched route "{route}". {"route":"api_installer_migration","route_parameters":{"_controller":"OrangeHRM\\Installer\\Controller\\Installer\\Api\\MigrationAPI::handle","_route":"api_installer_migration"},"request_uri":"http://localhost/orangehrm/orangehrm/installer/index.php/installer/api/installation/migration","method":"POST"} []
[2026-03-20T06:53:03.941691+00:00] installer.INFO: {"version":"4.3.3"} [] []
[2026-03-20T06:53:03.941738+00:00] installer.INFO: Migration running started: for v4.3.3 [] []
[2026-03-20T06:53:03.942769+00:00] installer.INFO: Instance details: {"os":{"os":"Linux","release_name":"5.15.0-173-generic","version_info":"#183-Ubuntu SMP Fri Mar 6 13:29:34 UTC 2026"},"php":{"version":"8.4.18"},"mysql":{"client_version":"mysqlnd 8.4.18","server_version":"10.6.23-MariaDB-0ubuntu0.22.04.1","conn_type":"Localhost via UNIX socket"},"server":"Apache\/2.4.52 (Ubuntu)","ohrm":{"version":"5.8"}} [] []
[2026-03-20T06:53:03.951066+00:00] installer.INFO: set_time_limit: success [] []
[2026-03-20T06:53:03.951143+00:00] installer.INFO: Migration running class: OrangeHRM\Installer\Migration\V4_3_3\Migration [] []
[2026-03-20T06:53:39.834371+00:00] installer.INFO: Migration running finished: for v4.3.3 [] []
[2026-03-20T06:53:39.852861+00:00] installer.INFO: Matched route "{route}". {"route":"api_installer_migration","route_parameters":{"_controller":"OrangeHRM\\Installer\\Controller\\Installer\\Api\\MigrationAPI::handle","_route":"api_installer_migration"},"request_uri":"http://localhost/orangehrm/orangehrm/installer/index.php/installer/api/installation/migration","method":"POST"} []
[2026-03-20T06:53:39.853233+00:00] installer.INFO: {"version":"4.3.4"} [] []
[2026-03-20T06:53:39.853287+00:00] installer.INFO: Migration running started: for v4.3.4 [] []
[2026-03-20T06:53:39.854524+00:00] installer.INFO: Instance details: {"os":{"os":"Linux","release_name":"5.15.0-173-generic","version_info":"#183-Ubuntu SMP Fri Mar 6 13:29:34 UTC 2026"},"php":{"version":"8.4.18"},"mysql":{"client_version":"mysqlnd 8.4.18","server_version":"10.6.23-MariaDB-0ubuntu0.22.04.1","conn_type":"Localhost via UNIX socket"},"server":"Apache\/2.4.52 (Ubuntu)","ohrm":{"version":"5.8"}} [] []
[2026-03-20T06:53:39.884279+00:00] installer.INFO: set_time_limit: success [] []
[2026-03-20T06:53:39.884348+00:00] installer.INFO: Migration running class: OrangeHRM\Installer\Migration\V4_3_4\Migration [] []
[2026-03-20T06:53:40.075299+00:00] installer.INFO: Migration running finished: for v4.3.4 [] []
[2026-03-20T06:53:40.087253+00:00] installer.INFO: Matched route "{route}". {"route":"api_installer_migration","route_parameters":{"_controller":"OrangeHRM\\Installer\\Controller\\Installer\\Api\\MigrationAPI::handle","_route":"api_installer_migration"},"request_uri":"http://localhost/orangehrm/orangehrm/installer/index.php/installer/api/installation/migration","method":"POST"} []
[2026-03-20T06:53:40.087748+00:00] installer.INFO: {"version":"4.3.5"} [] []
[2026-03-20T06:53:40.087842+00:00] installer.INFO: Migration running started: for v4.3.5 [] []
[2026-03-20T06:53:40.088682+00:00] installer.INFO: Instance details: {"os":{"os":"Linux","release_name":"5.15.0-173-generic","version_info":"#183-Ubuntu SMP Fri Mar 6 13:29:34 UTC 2026"},"php":{"version":"8.4.18"},"mysql":{"client_version":"mysqlnd 8.4.18","server_version":"10.6.23-MariaDB-0ubuntu0.22.04.1","conn_type":"Localhost via UNIX socket"},"server":"Apache\/2.4.52 (Ubuntu)","ohrm":{"version":"5.8"}} [] []
[2026-03-20T06:53:40.100262+00:00] installer.INFO: set_time_limit: success [] []
[2026-03-20T06:53:40.100329+00:00] installer.INFO: Migration running class: OrangeHRM\Installer\Migration\V4_3_5\Migration [] []
[2026-03-20T06:53:40.133390+00:00] installer.INFO: Migration running finished: for v4.3.5 [] []
[2026-03-20T06:53:40.142151+00:00] installer.INFO: Matched route "{route}". {"route":"api_installer_migration","route_parameters":{"_controller":"OrangeHRM\\Installer\\Controller\\Installer\\Api\\MigrationAPI::handle","_route":"api_installer_migration"},"request_uri":"http://localhost/orangehrm/orangehrm/installer/index.php/installer/api/installation/migration","method":"POST"} []
[2026-03-20T06:53:40.142754+00:00] installer.INFO: {"version":"4.4"} [] []
[2026-03-20T06:53:40.143664+00:00] installer.INFO: Migration running started: for v4.4 [] []
[2026-03-20T06:53:40.145797+00:00] installer.INFO: Instance details: {"os":{"os":"Linux","release_name":"5.15.0-173-generic","version_info":"#183-Ubuntu SMP Fri Mar 6 13:29:34 UTC 2026"},"php":{"version":"8.4.18"},"mysql":{"client_version":"mysqlnd 8.4.18","server_version":"10.6.23-MariaDB-0ubuntu0.22.04.1","conn_type":"Localhost via UNIX socket"},"server":"Apache\/2.4.52 (Ubuntu)","ohrm":{"version":"5.8"}} [] []
[2026-03-20T06:53:40.158361+00:00] installer.INFO: set_time_limit: success [] []
[2026-03-20T06:53:40.158431+00:00] installer.INFO: Migration running class: OrangeHRM\Installer\Migration\V4_4_0\Migration [] []
[2026-03-20T06:53:52.436395+00:00] installer.INFO: Migration running finished: for v4.4 [] []
[2026-03-20T06:53:52.450733+00:00] installer.INFO: Matched route "{route}". {"route":"api_installer_migration","route_parameters":{"_controller":"OrangeHRM\\Installer\\Controller\\Installer\\Api\\MigrationAPI::handle","_route":"api_installer_migration"},"request_uri":"http://localhost/orangehrm/orangehrm/installer/index.php/installer/api/installation/migration","method":"POST"} []
[2026-03-20T06:53:52.451495+00:00] installer.INFO: {"version":"4.5"} [] []
[2026-03-20T06:53:52.451586+00:00] installer.INFO: Migration running started: for v4.5 [] []
[2026-03-20T06:53:52.454518+00:00] installer.INFO: Instance details: {"os":{"os":"Linux","release_name":"5.15.0-173-generic","version_info":"#183-Ubuntu SMP Fri Mar 6 13:29:34 UTC 2026"},"php":{"version":"8.4.18"},"mysql":{"client_version":"mysqlnd 8.4.18","server_version":"10.6.23-MariaDB-0ubuntu0.22.04.1","conn_type":"Localhost via UNIX socket"},"server":"Apache\/2.4.52 (Ubuntu)","ohrm":{"version":"5.8"}} [] []
[2026-03-20T06:53:52.461332+00:00] installer.INFO: set_time_limit: success [] []
[2026-03-20T06:53:52.461397+00:00] installer.INFO: Migration running class: OrangeHRM\Installer\Migration\V4_5_0\Migration [] []
[2026-03-20T06:53:53.217068+00:00] installer.INFO: Migration running finished: for v4.5 [] []
[2026-03-20T06:53:53.227740+00:00] installer.INFO: Matched route "{route}". {"route":"api_installer_migration","route_parameters":{"_controller":"OrangeHRM\\Installer\\Controller\\Installer\\Api\\MigrationAPI::handle","_route":"api_installer_migration"},"request_uri":"http://localhost/orangehrm/orangehrm/installer/index.php/installer/api/installation/migration","method":"POST"} []
[2026-03-20T06:53:53.228040+00:00] installer.INFO: {"version":"4.6"} [] []
[2026-03-20T06:53:53.228128+00:00] installer.INFO: Migration running started: for v4.6 [] []
[2026-03-20T06:53:53.229421+00:00] installer.INFO: Instance details: {"os":{"os":"Linux","release_name":"5.15.0-173-generic","version_info":"#183-Ubuntu SMP Fri Mar 6 13:29:34 UTC 2026"},"php":{"version":"8.4.18"},"mysql":{"client_version":"mysqlnd 8.4.18","server_version":"10.6.23-MariaDB-0ubuntu0.22.04.1","conn_type":"Localhost via UNIX socket"},"server":"Apache\/2.4.52 (Ubuntu)","ohrm":{"version":"5.8"}} [] []
[2026-03-20T06:53:53.242021+00:00] installer.INFO: set_time_limit: success [] []
[2026-03-20T06:53:53.242086+00:00] installer.INFO: Migration running class: OrangeHRM\Installer\Migration\V4_6_0\Migration [] []
[2026-03-20T06:54:03.435262+00:00] installer.INFO: Migration running finished: for v4.6 [] []
[2026-03-20T06:54:03.444126+00:00] installer.INFO: Matched route "{route}". {"route":"api_installer_migration","route_parameters":{"_controller":"OrangeHRM\\Installer\\Controller\\Installer\\Api\\MigrationAPI::handle","_route":"api_installer_migration"},"request_uri":"http://localhost/orangehrm/orangehrm/installer/index.php/installer/api/installation/migration","method":"POST"} []
[2026-03-20T06:54:03.444635+00:00] installer.INFO: {"version":"4.6.0.1"} [] []
[2026-03-20T06:54:03.444738+00:00] installer.INFO: Migration running started: for v4.6.0.1 [] []
[2026-03-20T06:54:03.446143+00:00] installer.INFO: Instance details: {"os":{"os":"Linux","release_name":"5.15.0-173-generic","version_info":"#183-Ubuntu SMP Fri Mar 6 13:29:34 UTC 2026"},"php":{"version":"8.4.18"},"mysql":{"client_version":"mysqlnd 8.4.18","server_version":"10.6.23-MariaDB-0ubuntu0.22.04.1","conn_type":"Localhost via UNIX socket"},"server":"Apache\/2.4.52 (Ubuntu)","ohrm":{"version":"5.8"}} [] []
[2026-03-20T06:54:03.451880+00:00] installer.INFO: set_time_limit: success [] []
[2026-03-20T06:54:03.451951+00:00] installer.INFO: Migration running class: OrangeHRM\Installer\Migration\V4_6_0_1\Migration [] []
[2026-03-20T06:54:03.476765+00:00] installer.INFO: Migration running finished: for v4.6.0.1 [] []
[2026-03-20T06:54:03.487100+00:00] installer.INFO: Matched route "{route}". {"route":"api_installer_migration","route_parameters":{"_controller":"OrangeHRM\\Installer\\Controller\\Installer\\Api\\MigrationAPI::handle","_route":"api_installer_migration"},"request_uri":"http://localhost/orangehrm/orangehrm/installer/index.php/installer/api/installation/migration","method":"POST"} []
[2026-03-20T06:54:03.487363+00:00] installer.INFO: {"version":"4.7"} [] []
[2026-03-20T06:54:03.487406+00:00] installer.INFO: Migration running started: for v4.7 [] []
[2026-03-20T06:54:03.488388+00:00] installer.INFO: Instance details: {"os":{"os":"Linux","release_name":"5.15.0-173-generic","version_info":"#183-Ubuntu SMP Fri Mar 6 13:29:34 UTC 2026"},"php":{"version":"8.4.18"},"mysql":{"client_version":"mysqlnd 8.4.18","server_version":"10.6.23-MariaDB-0ubuntu0.22.04.1","conn_type":"Localhost via UNIX socket"},"server":"Apache\/2.4.52 (Ubuntu)","ohrm":{"version":"5.8"}} [] []
[2026-03-20T06:54:03.524714+00:00] installer.INFO: set_time_limit: success [] []
[2026-03-20T06:54:03.524776+00:00] installer.INFO: Migration running class: OrangeHRM\Installer\Migration\V4_7_0\Migration [] []
[2026-03-20T06:54:03.559858+00:00] installer.INFO: Migration running finished: for v4.7 [] []
[2026-03-20T06:54:03.570132+00:00] installer.INFO: Matched route "{route}". {"route":"api_installer_migration","route_parameters":{"_controller":"OrangeHRM\\Installer\\Controller\\Installer\\Api\\MigrationAPI::handle","_route":"api_installer_migration"},"request_uri":"http://localhost/orangehrm/orangehrm/installer/index.php/installer/api/installation/migration","method":"POST"} []
[2026-03-20T06:54:03.570398+00:00] installer.INFO: {"version":"4.8"} [] []
[2026-03-20T06:54:03.570499+00:00] installer.INFO: Migration running started: for v4.8 [] []
[2026-03-20T06:54:03.571755+00:00] installer.INFO: Instance details: {"os":{"os":"Linux","release_name":"5.15.0-173-generic","version_info":"#183-Ubuntu SMP Fri Mar 6 13:29:34 UTC 2026"},"php":{"version":"8.4.18"},"mysql":{"client_version":"mysqlnd 8.4.18","server_version":"10.6.23-MariaDB-0ubuntu0.22.04.1","conn_type":"Localhost via UNIX socket"},"server":"Apache\/2.4.52 (Ubuntu)","ohrm":{"version":"5.8"}} [] []
[2026-03-20T06:54:03.593049+00:00] installer.INFO: set_time_limit: success [] []
[2026-03-20T06:54:03.593115+00:00] installer.INFO: Migration running class: OrangeHRM\Installer\Migration\V4_8_0\Migration [] []
[2026-03-20T06:54:03.642860+00:00] installer.INFO: Migration running finished: for v4.8 [] []
[2026-03-20T06:54:03.651939+00:00] installer.INFO: Matched route "{route}". {"route":"api_installer_migration","route_parameters":{"_controller":"OrangeHRM\\Installer\\Controller\\Installer\\Api\\MigrationAPI::handle","_route":"api_installer_migration"},"request_uri":"http://localhost/orangehrm/orangehrm/installer/index.php/installer/api/installation/migration","method":"POST"} []
[2026-03-20T06:54:03.652201+00:00] installer.INFO: {"version":"4.9"} [] []
[2026-03-20T06:54:03.652248+00:00] installer.INFO: Migration running started: for v4.9 [] []
[2026-03-20T06:54:03.653386+00:00] installer.INFO: Instance details: {"os":{"os":"Linux","release_name":"5.15.0-173-generic","version_info":"#183-Ubuntu SMP Fri Mar 6 13:29:34 UTC 2026"},"php":{"version":"8.4.18"},"mysql":{"client_version":"mysqlnd 8.4.18","server_version":"10.6.23-MariaDB-0ubuntu0.22.04.1","conn_type":"Localhost via UNIX socket"},"server":"Apache\/2.4.52 (Ubuntu)","ohrm":{"version":"5.8"}} [] []
[2026-03-20T06:54:03.659522+00:00] installer.INFO: set_time_limit: success [] []
[2026-03-20T06:54:03.659585+00:00] installer.INFO: Migration running class: OrangeHRM\Installer\Migration\V4_9_0\Migration [] []
[2026-03-20T06:54:04.315689+00:00] installer.INFO: Migration running finished: for v4.9 [] []
[2026-03-20T06:54:04.324125+00:00] installer.INFO: Matched route "{route}". {"route":"api_installer_migration","route_parameters":{"_controller":"OrangeHRM\\Installer\\Controller\\Installer\\Api\\MigrationAPI::handle","_route":"api_installer_migration"},"request_uri":"http://localhost/orangehrm/orangehrm/installer/index.php/installer/api/installation/migration","method":"POST"} []
[2026-03-20T06:54:04.324375+00:00] installer.INFO: {"version":"4.10"} [] []
[2026-03-20T06:54:04.324418+00:00] installer.INFO: Migration running started: for v4.10 [] []
[2026-03-20T06:54:04.325617+00:00] installer.INFO: Instance details: {"os":{"os":"Linux","release_name":"5.15.0-173-generic","version_info":"#183-Ubuntu SMP Fri Mar 6 13:29:34 UTC 2026"},"php":{"version":"8.4.18"},"mysql":{"client_version":"mysqlnd 8.4.18","server_version":"10.6.23-MariaDB-0ubuntu0.22.04.1","conn_type":"Localhost via UNIX socket"},"server":"Apache\/2.4.52 (Ubuntu)","ohrm":{"version":"5.8"}} [] []
[2026-03-20T06:54:04.332349+00:00] installer.INFO: set_time_limit: success [] []
[2026-03-20T06:54:04.332410+00:00] installer.INFO: Migration running class: OrangeHRM\Installer\Migration\V4_10_0\Migration [] []
[2026-03-20T06:54:04.357231+00:00] installer.INFO: Migration running finished: for v4.10 [] []
[2026-03-20T06:54:04.367821+00:00] installer.INFO: Matched route "{route}". {"route":"api_installer_migration","route_parameters":{"_controller":"OrangeHRM\\Installer\\Controller\\Installer\\Api\\MigrationAPI::handle","_route":"api_installer_migration"},"request_uri":"http://localhost/orangehrm/orangehrm/installer/index.php/installer/api/installation/migration","method":"POST"} []
[2026-03-20T06:54:04.368311+00:00] installer.INFO: {"version":"4.10.1"} [] []
[2026-03-20T06:54:04.368498+00:00] installer.INFO: Migration running started: for v4.10.1 [] []
[2026-03-20T06:54:04.369301+00:00] installer.INFO: Instance details: {"os":{"os":"Linux","release_name":"5.15.0-173-generic","version_info":"#183-Ubuntu SMP Fri Mar 6 13:29:34 UTC 2026"},"php":{"version":"8.4.18"},"mysql":{"client_version":"mysqlnd 8.4.18","server_version":"10.6.23-MariaDB-0ubuntu0.22.04.1","conn_type":"Localhost via UNIX socket"},"server":"Apache\/2.4.52 (Ubuntu)","ohrm":{"version":"5.8"}} [] []
[2026-03-20T06:54:04.382195+00:00] installer.INFO: set_time_limit: success [] []
[2026-03-20T06:54:04.382283+00:00] installer.INFO: Migration running class: OrangeHRM\Installer\Migration\V4_10_1\Migration [] []
[2026-03-20T06:54:04.407059+00:00] installer.INFO: Migration running finished: for v4.10.1 [] []
[2026-03-20T06:54:04.421767+00:00] installer.INFO: Matched route "{route}". {"route":"api_installer_migration","route_parameters":{"_controller":"OrangeHRM\\Installer\\Controller\\Installer\\Api\\MigrationAPI::handle","_route":"api_installer_migration"},"request_uri":"http://localhost/orangehrm/orangehrm/installer/index.php/installer/api/installation/migration","method":"POST"} []
[2026-03-20T06:54:04.422021+00:00] installer.INFO: {"version":"5.0"} [] []
[2026-03-20T06:54:04.422074+00:00] installer.INFO: Migration running started: for v5.0 [] []
[2026-03-20T06:54:04.423634+00:00] installer.INFO: Instance details: {"os":{"os":"Linux","release_name":"5.15.0-173-generic","version_info":"#183-Ubuntu SMP Fri Mar 6 13:29:34 UTC 2026"},"php":{"version":"8.4.18"},"mysql":{"client_version":"mysqlnd 8.4.18","server_version":"10.6.23-MariaDB-0ubuntu0.22.04.1","conn_type":"Localhost via UNIX socket"},"server":"Apache\/2.4.52 (Ubuntu)","ohrm":{"version":"5.8"}} [] []
[2026-03-20T06:54:04.432004+00:00] installer.INFO: set_time_limit: success [] []
[2026-03-20T06:54:04.432078+00:00] installer.INFO: Migration running class: OrangeHRM\Installer\Migration\V5_0_0_beta\Migration [] []
[2026-03-20T06:54:13.747108+00:00] installer.INFO: set_time_limit: success [] []
[2026-03-20T06:54:13.747168+00:00] installer.INFO: Migration running class: OrangeHRM\Installer\Migration\V5_0_0\Migration [] []
[2026-03-20T06:56:28.929745+00:00] installer.INFO: Matched route "{route}". {"route":"api_installer_migration","route_parameters":{"_controller":"OrangeHRM\\Installer\\Controller\\Installer\\Api\\MigrationAPI::handle","_route":"api_installer_migration"},"request_uri":"http://localhost/orangehrm/orangehrm/installer/index.php/installer/api/installation/migration","method":"POST"} []
[2026-03-20T06:56:28.930316+00:00] installer.INFO: {"version":"5.1"} [] []
[2026-03-20T06:56:28.930377+00:00] installer.INFO: Migration running started: for v5.1 [] []
[2026-03-20T06:56:28.932493+00:00] installer.INFO: Instance details: {"os":{"os":"Linux","release_name":"5.15.0-173-generic","version_info":"#183-Ubuntu SMP Fri Mar 6 13:29:34 UTC 2026"},"php":{"version":"8.4.18"},"mysql":{"client_version":"mysqlnd 8.4.18","server_version":"10.6.23-MariaDB-0ubuntu0.22.04.1","conn_type":"Localhost via UNIX socket"},"server":"Apache\/2.4.52 (Ubuntu)","ohrm":{"version":"5.8"}} [] []
[2026-03-20T06:56:28.954333+00:00] installer.INFO: set_time_limit: success [] []
[2026-03-20T06:56:28.954396+00:00] installer.INFO: Migration running class: OrangeHRM\Installer\Migration\V5_1_0\Migration [] []
[2026-03-20T06:57:08.607424+00:00] installer.INFO: Migration running finished: for v5.1 [] []
[2026-03-20T06:57:08.615980+00:00] installer.INFO: Matched route "{route}". {"route":"api_installer_migration","route_parameters":{"_controller":"OrangeHRM\\Installer\\Controller\\Installer\\Api\\MigrationAPI::handle","_route":"api_installer_migration"},"request_uri":"http://localhost/orangehrm/orangehrm/installer/index.php/installer/api/installation/migration","method":"POST"} []
[2026-03-20T06:57:08.616777+00:00] installer.INFO: {"version":"5.2"} [] []
[2026-03-20T06:57:08.616876+00:00] installer.INFO: Migration running started: for v5.2 [] []
[2026-03-20T06:57:08.618997+00:00] installer.INFO: Instance details: {"os":{"os":"Linux","release_name":"5.15.0-173-generic","version_info":"#183-Ubuntu SMP Fri Mar 6 13:29:34 UTC 2026"},"php":{"version":"8.4.18"},"mysql":{"client_version":"mysqlnd 8.4.18","server_version":"10.6.23-MariaDB-0ubuntu0.22.04.1","conn_type":"Localhost via UNIX socket"},"server":"Apache\/2.4.52 (Ubuntu)","ohrm":{"version":"5.8"}} [] []
[2026-03-20T06:57:08.632384+00:00] installer.INFO: set_time_limit: success [] []
[2026-03-20T06:57:08.632468+00:00] installer.INFO: Migration running class: OrangeHRM\Installer\Migration\V5_2_0\Migration [] []
[2026-03-20T06:57:23.148787+00:00] installer.INFO: Deleting invalid config values [] []
[2026-03-20T06:57:23.157135+00:00] installer.INFO: Deleting: `https://opensourcehelp.orangehrm.com` => `` from `hs_hr_config` [] []
[2026-03-20T06:57:23.167108+00:00] installer.INFO: Deleting: `ZendeskHelpProcessor` => `` from `hs_hr_config` [] []
[2026-03-20T06:57:23.167606+00:00] installer.INFO: Deleting legacy config values [] []
[2026-03-20T06:57:23.176710+00:00] installer.INFO: Deleting: `ldap_domain_name` => `` from `hs_hr_config` [] []
[2026-03-20T06:57:23.198067+00:00] installer.INFO: Deleting: `ldap_port` => `` from `hs_hr_config` [] []
[2026-03-20T06:57:23.479418+00:00] installer.INFO: Deleting: `ldap_server` => `` from `hs_hr_config` [] []
[2026-03-20T06:57:23.497401+00:00] installer.INFO: Deleting: `ldap_status` => `` from `hs_hr_config` [] []
[2026-03-20T06:57:23.513801+00:00] installer.INFO: Deleting: `beacon.activation_acceptance_status` => `off` from `hs_hr_config` [] []
[2026-03-20T06:57:23.530414+00:00] installer.INFO: Deleting: `beacon.activiation_status` => `off` from `hs_hr_config` [] []
[2026-03-20T06:57:23.547126+00:00] installer.INFO: Deleting: `beacon.company_name` => `` from `hs_hr_config` [] []
[2026-03-20T06:57:23.564046+00:00] installer.INFO: Deleting: `beacon.flash_period` => `120` from `hs_hr_config` [] []
[2026-03-20T06:57:23.582029+00:00] installer.INFO: Deleting: `beacon.lock` => `unlocked` from `hs_hr_config` [] []
[2026-03-20T06:57:23.618177+00:00] installer.INFO: Deleting: `beacon.next_flash_time` => `0000-00-00` from `hs_hr_config` [] []
[2026-03-20T06:57:23.646715+00:00] installer.INFO: Deleting: `beacon.uuid` => `0` from `hs_hr_config` [] []
[2026-03-20T06:57:23.663384+00:00] installer.INFO: Deleting: `showSIN` => `0` from `hs_hr_config` [] []
[2026-03-20T06:57:23.680111+00:00] installer.INFO: Deleting: `showSSN` => `0` from `hs_hr_config` [] []
[2026-03-20T06:57:23.696331+00:00] installer.INFO: Deleting: `showTaxExemptions` => `0` from `hs_hr_config` [] []
[2026-03-20T06:57:23.713184+00:00] installer.INFO: Deleting: `report.mysql_group_concat_max_len` => `2048` from `hs_hr_config` [] []
[2026-03-20T06:57:23.729700+00:00] installer.INFO: Deleting: `attendanceEmpEditSubmitted` => `No` from `hs_hr_config` [] []
[2026-03-20T06:57:23.746956+00:00] installer.INFO: Deleting: `attendanceSupEditSubmitted` => `No` from `hs_hr_config` [] []
[2026-03-20T06:57:23.763702+00:00] installer.INFO: Deleting: `hsp_accrued_last_updated` => `0000-00-00` from `hs_hr_config` [] []
[2026-03-20T06:57:23.779821+00:00] installer.INFO: Deleting: `hsp_current_plan` => `0` from `hs_hr_config` [] []
[2026-03-20T06:57:23.796136+00:00] installer.INFO: Deleting: `hsp_used_last_updated` => `0000-00-00` from `hs_hr_config` [] []
[2026-03-20T06:57:23.961223+00:00] installer.INFO: Migration running finished: for v5.2 [] []
[2026-03-20T06:57:23.972666+00:00] installer.INFO: Matched route "{route}". {"route":"api_installer_migration","route_parameters":{"_controller":"OrangeHRM\\Installer\\Controller\\Installer\\Api\\MigrationAPI::handle","_route":"api_installer_migration"},"request_uri":"http://localhost/orangehrm/orangehrm/installer/index.php/installer/api/installation/migration","method":"POST"} []
[2026-03-20T06:57:23.973081+00:00] installer.INFO: {"version":"5.3"} [] []
[2026-03-20T06:57:23.973252+00:00] installer.INFO: Migration running started: for v5.3 [] []
[2026-03-20T06:57:23.977023+00:00] installer.INFO: Instance details: {"os":{"os":"Linux","release_name":"5.15.0-173-generic","version_info":"#183-Ubuntu SMP Fri Mar 6 13:29:34 UTC 2026"},"php":{"version":"8.4.18"},"mysql":{"client_version":"mysqlnd 8.4.18","server_version":"10.6.23-MariaDB-0ubuntu0.22.04.1","conn_type":"Localhost via UNIX socket"},"server":"Apache\/2.4.52 (Ubuntu)","ohrm":{"version":"5.8"}} [] []
[2026-03-20T06:57:23.986143+00:00] installer.INFO: set_time_limit: success [] []
[2026-03-20T06:57:23.986226+00:00] installer.INFO: Migration running class: OrangeHRM\Installer\Migration\V5_3_0\Migration [] []
[2026-03-20T06:57:30.905615+00:00] installer.INFO: Server timezone: UTC [] []
[2026-03-20T06:57:30.952846+00:00] installer.INFO: `ohrm_buzz_comment` record count: 0 [] []
[2026-03-20T06:57:30.967431+00:00] installer.INFO: `ohrm_buzz_like_on_comment` record count: 0 [] []
[2026-03-20T06:57:30.975772+00:00] installer.INFO: `ohrm_buzz_like_on_share` record count: 0 [] []
[2026-03-20T06:57:31.011177+00:00] installer.INFO: `ohrm_buzz_post` record count: 0 [] []
[2026-03-20T06:57:31.025688+00:00] installer.INFO: `ohrm_buzz_share` record count: 0 [] []
[2026-03-20T06:57:33.140428+00:00] installer.INFO: `ohrm_buzz_link` record count: 0 [] []
[2026-03-20T06:57:33.141111+00:00] installer.INFO: Deleting legacy Buzz config values [] []
[2026-03-20T06:57:33.150222+00:00] installer.INFO: Deleting: `buzz_comment_text_lenth` => `250` from `hs_hr_config` [] []
[2026-03-20T06:57:33.169923+00:00] installer.INFO: Deleting: `buzz_cookie_valid_time` => `5000` from `hs_hr_config` [] []
[2026-03-20T06:57:33.186483+00:00] installer.INFO: Deleting: `buzz_image_max_dimension` => `1024` from `hs_hr_config` [] []
[2026-03-20T06:57:33.202820+00:00] installer.INFO: Deleting: `buzz_initial_comments` => `2` from `hs_hr_config` [] []
[2026-03-20T06:57:33.220410+00:00] installer.INFO: Deleting: `buzz_like_count` => `5` from `hs_hr_config` [] []
[2026-03-20T06:57:33.236418+00:00] installer.INFO: Deleting: `buzz_max_notification_period` => `-1 week` from `hs_hr_config` [] []
[2026-03-20T06:57:33.253136+00:00] installer.INFO: Deleting: `buzz_most_like_posts` => `5` from `hs_hr_config` [] []
[2026-03-20T06:57:33.332200+00:00] installer.INFO: Deleting: `buzz_most_like_shares` => `5` from `hs_hr_config` [] []
[2026-03-20T06:57:33.352885+00:00] installer.INFO: Deleting: `buzz_post_text_lenth` => `500` from `hs_hr_config` [] []
[2026-03-20T06:57:33.369146+00:00] installer.INFO: Deleting: `buzz_post_text_lines` => `5` from `hs_hr_config` [] []
[2026-03-20T06:57:33.385913+00:00] installer.INFO: Deleting: `buzz_refresh_time` => `60000` from `hs_hr_config` [] []
[2026-03-20T06:57:33.402620+00:00] installer.INFO: Deleting: `buzz_share_count` => `10` from `hs_hr_config` [] []
[2026-03-20T06:57:33.418846+00:00] installer.INFO: Deleting: `buzz_time_format` => `h:i a` from `hs_hr_config` [] []
[2026-03-20T06:57:33.435434+00:00] installer.INFO: Deleting: `buzz_viewmore_comment` => `5` from `hs_hr_config` [] []
[2026-03-20T06:57:33.468670+00:00] installer.INFO: Migration running finished: for v5.3 [] []
[2026-03-20T06:57:33.480398+00:00] installer.INFO: Matched route "{route}". {"route":"api_installer_migration","route_parameters":{"_controller":"OrangeHRM\\Installer\\Controller\\Installer\\Api\\MigrationAPI::handle","_route":"api_installer_migration"},"request_uri":"http://localhost/orangehrm/orangehrm/installer/index.php/installer/api/installation/migration","method":"POST"} []
[2026-03-20T06:57:33.480868+00:00] installer.INFO: {"version":"5.4"} [] []
[2026-03-20T06:57:33.480964+00:00] installer.INFO: Migration running started: for v5.4 [] []
[2026-03-20T06:57:33.482826+00:00] installer.INFO: Instance details: {"os":{"os":"Linux","release_name":"5.15.0-173-generic","version_info":"#183-Ubuntu SMP Fri Mar 6 13:29:34 UTC 2026"},"php":{"version":"8.4.18"},"mysql":{"client_version":"mysqlnd 8.4.18","server_version":"10.6.23-MariaDB-0ubuntu0.22.04.1","conn_type":"Localhost via UNIX socket"},"server":"Apache\/2.4.52 (Ubuntu)","ohrm":{"version":"5.8"}} [] []
[2026-03-20T06:57:33.493612+00:00] installer.INFO: set_time_limit: success [] []
[2026-03-20T06:57:33.493679+00:00] installer.INFO: Migration running class: OrangeHRM\Installer\Migration\V5_4_0\Migration [] []
[2026-03-20T06:57:35.085109+00:00] installer.INFO: Deleting: `authentication.default_required_password_strength` => `strong` from `hs_hr_config` [] []
[2026-03-20T06:57:35.123753+00:00] installer.INFO: Deleting: `authentication.enforce_password_strength` => `on` from `hs_hr_config` [] []
[2026-03-20T06:57:38.003873+00:00] installer.INFO: Migration running finished: for v5.4 [] []
[2026-03-20T06:57:38.013044+00:00] installer.INFO: Matched route "{route}". {"route":"api_installer_migration","route_parameters":{"_controller":"OrangeHRM\\Installer\\Controller\\Installer\\Api\\MigrationAPI::handle","_route":"api_installer_migration"},"request_uri":"http://localhost/orangehrm/orangehrm/installer/index.php/installer/api/installation/migration","method":"POST"} []
[2026-03-20T06:57:38.013449+00:00] installer.INFO: {"version":"5.5"} [] []
[2026-03-20T06:57:38.013509+00:00] installer.INFO: Migration running started: for v5.5 [] []
[2026-03-20T06:57:38.016008+00:00] installer.INFO: Instance details: {"os":{"os":"Linux","release_name":"5.15.0-173-generic","version_info":"#183-Ubuntu SMP Fri Mar 6 13:29:34 UTC 2026"},"php":{"version":"8.4.18"},"mysql":{"client_version":"mysqlnd 8.4.18","server_version":"10.6.23-MariaDB-0ubuntu0.22.04.1","conn_type":"Localhost via UNIX socket"},"server":"Apache\/2.4.52 (Ubuntu)","ohrm":{"version":"5.8"}} [] []
[2026-03-20T06:57:38.030723+00:00] installer.INFO: set_time_limit: success [] []
[2026-03-20T06:57:38.030794+00:00] installer.INFO: Migration running class: OrangeHRM\Installer\Migration\V5_5_0\Migration [] []
[2026-03-20T06:57:49.366635+00:00] installer.INFO: Migration running finished: for v5.5 [] []
[2026-03-20T06:57:49.376491+00:00] installer.INFO: Matched route "{route}". {"route":"api_installer_migration","route_parameters":{"_controller":"OrangeHRM\\Installer\\Controller\\Installer\\Api\\MigrationAPI::handle","_route":"api_installer_migration"},"request_uri":"http://localhost/orangehrm/orangehrm/installer/index.php/installer/api/installation/migration","method":"POST"} []
[2026-03-20T06:57:49.376921+00:00] installer.INFO: {"version":"5.6"} [] []
[2026-03-20T06:57:49.376983+00:00] installer.INFO: Migration running started: for v5.6 [] []
[2026-03-20T06:57:49.378723+00:00] installer.INFO: Instance details: {"os":{"os":"Linux","release_name":"5.15.0-173-generic","version_info":"#183-Ubuntu SMP Fri Mar 6 13:29:34 UTC 2026"},"php":{"version":"8.4.18"},"mysql":{"client_version":"mysqlnd 8.4.18","server_version":"10.6.23-MariaDB-0ubuntu0.22.04.1","conn_type":"Localhost via UNIX socket"},"server":"Apache\/2.4.52 (Ubuntu)","ohrm":{"version":"5.8"}} [] []
[2026-03-20T06:57:49.391573+00:00] installer.INFO: set_time_limit: success [] []
[2026-03-20T06:57:49.391644+00:00] installer.INFO: Migration running class: OrangeHRM\Installer\Migration\V5_6_0\Migration [] []
[2026-03-20T06:57:51.577833+00:00] installer.INFO: Migration running finished: for v5.6 [] []
[2026-03-20T06:57:51.588103+00:00] installer.INFO: Matched route "{route}". {"route":"api_installer_migration","route_parameters":{"_controller":"OrangeHRM\\Installer\\Controller\\Installer\\Api\\MigrationAPI::handle","_route":"api_installer_migration"},"request_uri":"http://localhost/orangehrm/orangehrm/installer/index.php/installer/api/installation/migration","method":"POST"} []
[2026-03-20T06:57:51.588469+00:00] installer.INFO: {"version":"5.6.1"} [] []
[2026-03-20T06:57:51.588674+00:00] installer.INFO: Migration running started: for v5.6.1 [] []
[2026-03-20T06:57:51.589670+00:00] installer.INFO: Instance details: {"os":{"os":"Linux","release_name":"5.15.0-173-generic","version_info":"#183-Ubuntu SMP Fri Mar 6 13:29:34 UTC 2026"},"php":{"version":"8.4.18"},"mysql":{"client_version":"mysqlnd 8.4.18","server_version":"10.6.23-MariaDB-0ubuntu0.22.04.1","conn_type":"Localhost via UNIX socket"},"server":"Apache\/2.4.52 (Ubuntu)","ohrm":{"version":"5.8"}} [] []
[2026-03-20T06:57:51.602812+00:00] installer.INFO: set_time_limit: success [] []
[2026-03-20T06:57:51.602873+00:00] installer.INFO: Migration running class: OrangeHRM\Installer\Migration\V5_6_1\Migration [] []
[2026-03-20T06:57:51.727443+00:00] installer.INFO: Migration running finished: for v5.6.1 [] []
[2026-03-20T06:57:51.736313+00:00] installer.INFO: Matched route "{route}". {"route":"api_installer_migration","route_parameters":{"_controller":"OrangeHRM\\Installer\\Controller\\Installer\\Api\\MigrationAPI::handle","_route":"api_installer_migration"},"request_uri":"http://localhost/orangehrm/orangehrm/installer/index.php/installer/api/installation/migration","method":"POST"} []
[2026-03-20T06:57:51.736619+00:00] installer.INFO: {"version":"5.7"} [] []
[2026-03-20T06:57:51.736678+00:00] installer.INFO: Migration running started: for v5.7 [] []
[2026-03-20T06:57:51.738064+00:00] installer.INFO: Instance details: {"os":{"os":"Linux","release_name":"5.15.0-173-generic","version_info":"#183-Ubuntu SMP Fri Mar 6 13:29:34 UTC 2026"},"php":{"version":"8.4.18"},"mysql":{"client_version":"mysqlnd 8.4.18","server_version":"10.6.23-MariaDB-0ubuntu0.22.04.1","conn_type":"Localhost via UNIX socket"},"server":"Apache\/2.4.52 (Ubuntu)","ohrm":{"version":"5.8"}} [] []
[2026-03-20T06:57:51.744179+00:00] installer.INFO: set_time_limit: success [] []
[2026-03-20T06:57:51.744279+00:00] installer.INFO: Migration running class: OrangeHRM\Installer\Migration\V5_7_0\Migration [] []
[2026-03-20T06:57:55.999303+00:00] installer.INFO: Migration running finished: for v5.7 [] []
[2026-03-20T06:57:56.009373+00:00] installer.INFO: Matched route "{route}". {"route":"api_installer_migration","route_parameters":{"_controller":"OrangeHRM\\Installer\\Controller\\Installer\\Api\\MigrationAPI::handle","_route":"api_installer_migration"},"request_uri":"http://localhost/orangehrm/orangehrm/installer/index.php/installer/api/installation/migration","method":"POST"} []
[2026-03-20T06:57:56.009977+00:00] installer.INFO: {"version":"5.8"} [] []
[2026-03-20T06:57:56.010167+00:00] installer.INFO: Migration running started: for v5.8 [] []
[2026-03-20T06:57:56.011619+00:00] installer.INFO: Instance details: {"os":{"os":"Linux","release_name":"5.15.0-173-generic","version_info":"#183-Ubuntu SMP Fri Mar 6 13:29:34 UTC 2026"},"php":{"version":"8.4.18"},"mysql":{"client_version":"mysqlnd 8.4.18","server_version":"10.6.23-MariaDB-0ubuntu0.22.04.1","conn_type":"Localhost via UNIX socket"},"server":"Apache\/2.4.52 (Ubuntu)","ohrm":{"version":"5.8"}} [] []
[2026-03-20T06:57:56.024315+00:00] installer.INFO: set_time_limit: success [] []
[2026-03-20T06:57:56.024411+00:00] installer.INFO: Migration running class: OrangeHRM\Installer\Migration\V5_8_0\Migration [] []
[2026-03-20T06:57:56.140556+00:00] installer.INFO: Migration running finished: for v5.8 [] []
[2026-03-20T06:57:56.152947+00:00] installer.INFO: Matched route "{route}". {"route":"api_installer_instance_creation","route_parameters":{"_controller":"OrangeHRM\\Installer\\Controller\\Installer\\Api\\InstallationInstanceAPI::handle","_route":"api_installer_instance_creation"},"request_uri":"http://localhost/orangehrm/orangehrm/installer/index.php/installer/api/installation/instance","method":"POST"} []
[2026-03-20T06:57:56.154131+00:00] installer.INFO: Instance details: {"os":{"os":"Linux","release_name":"5.15.0-173-generic","version_info":"#183-Ubuntu SMP Fri Mar 6 13:29:34 UTC 2026"},"php":{"version":"8.4.18"},"mysql":{"client_version":"mysqlnd 8.4.18","server_version":"10.6.23-MariaDB-0ubuntu0.22.04.1","conn_type":"Localhost via UNIX socket"},"server":"Apache\/2.4.52 (Ubuntu)","ohrm":{"version":"5.8"}} [] []
[2026-03-20T06:57:56.548305+00:00] installer.INFO: Matched route "{route}". {"route":"api_installer_database_user","route_parameters":{"_controller":"OrangeHRM\\Installer\\Controller\\Installer\\Api\\InstallationDatabaseUserAPI::handle","_route":"api_installer_database_user"},"request_uri":"http://localhost/orangehrm/orangehrm/installer/index.php/installer/api/installation/database-user","method":"POST"} []
[2026-03-20T06:57:56.566157+00:00] installer.INFO: Matched route "{route}". {"route":"api_installer_write_config","route_parameters":{"_controller":"OrangeHRM\\Installer\\Controller\\Installer\\Api\\ConfigFileAPI::handle","_route":"api_installer_write_config"},"request_uri":"http://localhost/orangehrm/orangehrm/installer/index.php/installer/api/installation/config-file","method":"POST"} []
[2026-03-20T06:57:56.568861+00:00] installer.INFO: Instance details: {"os":{"os":"Linux","release_name":"5.15.0-173-generic","version_info":"#183-Ubuntu SMP Fri Mar 6 13:29:34 UTC 2026"},"php":{"version":"8.4.18"},"mysql":{"client_version":"mysqlnd 8.4.18","server_version":"10.6.23-MariaDB-0ubuntu0.22.04.1","conn_type":"Localhost via UNIX socket"},"server":"Apache\/2.4.52 (Ubuntu)","ohrm":{"version":"5.8"}} [] []
[2026-03-20T06:58:12.678970+00:00] installer.INFO: Matched route "{route}". {"route":"installer_complete","route_parameters":{"_controller":"OrangeHRM\\Installer\\Controller\\Installer\\InstallerCompleteController::handle","_route":"installer_complete"},"request_uri":"http://localhost/orangehrm/orangehrm/installer/index.php/installer/complete","method":"GET"} []
[2026-03-20T06:58:12.680155+00:00] installer.INFO: OrangeHRM 5.8 status: true [] []
[2026-03-20T06:58:15.244111+00:00] installer.INFO: Matched route "{route}". {"route":"installer_home","route_parameters":{"_controller":"OrangeHRM\\Installer\\Controller\\HomeController::handle","_route":"installer_home"},"request_uri":"http://localhost/orangehrm/orangehrm/installer/index.php/","method":"GET"} []
